<?xml version="1.0" encoding="UTF-8"?>
<testng-results skipped="1" failed="0" total="1" passed="0">
  <reporter-output>
  </reporter-output>
  <suite name="Default suite" duration-ms="41198" started-at="2017-05-03T14:14:52Z" finished-at="2017-05-03T14:15:33Z">
    <groups>
    </groups>
    <test name="Default test" duration-ms="41198" started-at="2017-05-03T14:14:52Z" finished-at="2017-05-03T14:15:33Z">
      <class name="ApachePOIReadData.DataProviderPOI">
        <test-method status="PASS" signature="startBrowser()[pri:0, instance:ApachePOIReadData.DataProviderPOI@3d680b5a]" name="startBrowser" is-config="true" duration-ms="25514" started-at="2017-05-03T19:44:52Z" finished-at="2017-05-03T19:45:18Z">
          <reporter-output>
          </reporter-output>
        </test-method> <!-- startBrowser -->
        <test-method status="SKIP" signature="testMethod(java.lang.String, java.lang.String)[pri:0, instance:ApachePOIReadData.DataProviderPOI@3d680b5a]" name="testMethod" duration-ms="0" started-at="2017-05-03T19:45:31Z" data-provider="getDataFromXlsx" finished-at="2017-05-03T19:45:31Z">
          <exception class="java.lang.RuntimeException">
            <message>
              <![CDATA[java.lang.NullPointerException]]>
            </message>
            <full-stacktrace>
              <![CDATA[java.lang.RuntimeException: java.lang.NullPointerException
	at org.testng.internal.MethodInvocationHelper.invokeDataProvider(MethodInvocationHelper.java:162)
	at org.testng.internal.Parameters.handleParameters(Parameters.java:430)
	at org.testng.internal.Invoker.handleParameters(Invoker.java:1270)
	at org.testng.internal.Invoker.createParameters(Invoker.java:985)
	at org.testng.internal.Invoker.invokeTestMethods(Invoker.java:1075)
	at org.testng.internal.TestMethodWorker.invokeTestMethods(TestMethodWorker.java:125)
	at org.testng.internal.TestMethodWorker.run(TestMethodWorker.java:108)
	at org.testng.TestRunner.privateRun(TestRunner.java:774)
	at org.testng.TestRunner.run(TestRunner.java:624)
	at org.testng.SuiteRunner.runTest(SuiteRunner.java:359)
	at org.testng.SuiteRunner.runSequentially(SuiteRunner.java:354)
	at org.testng.SuiteRunner.privateRun(SuiteRunner.java:312)
	at org.testng.SuiteRunner.run(SuiteRunner.java:261)
	at org.testng.SuiteRunnerWorker.runSuite(SuiteRunnerWorker.java:52)
	at org.testng.SuiteRunnerWorker.run(SuiteRunnerWorker.java:86)
	at org.testng.TestNG.runSuitesSequentially(TestNG.java:1215)
	at org.testng.TestNG.runSuitesLocally(TestNG.java:1140)
	at org.testng.TestNG.run(TestNG.java:1048)
	at org.testng.remote.AbstractRemoteTestNG.run(AbstractRemoteTestNG.java:126)
	at org.testng.remote.RemoteTestNG.initAndRun(RemoteTestNG.java:137)
	at org.testng.remote.RemoteTestNG.main(RemoteTestNG.java:58)
Caused by: java.lang.NullPointerException
	at ApachePOIReadData.DataProviderPOI.getFromMethod(DataProviderPOI.java:86)
	at ApachePOIReadData.DataProviderPOI.getDataFromXlsx(DataProviderPOI.java:58)
	at sun.reflect.NativeMethodAccessorImpl.invoke0(Native Method)
	at sun.reflect.NativeMethodAccessorImpl.invoke(NativeMethodAccessorImpl.java:62)
	at sun.reflect.DelegatingMethodAccessorImpl.invoke(DelegatingMethodAccessorImpl.java:43)
	at java.lang.reflect.Method.invoke(Method.java:497)
	at org.testng.internal.MethodInvocationHelper.invokeMethod(MethodInvocationHelper.java:85)
	at org.testng.internal.MethodInvocationHelper.invokeDataProvider(MethodInvocationHelper.java:136)
	... 20 more
]]>
            </full-stacktrace>
          </exception> <!-- java.lang.RuntimeException -->
          <reporter-output>
          </reporter-output>
        </test-method> <!-- testMethod -->
        <test-method status="PASS" signature="close_sessions()[pri:0, instance:ApachePOIReadData.DataProviderPOI@3d680b5a]" name="close_sessions" is-config="true" duration-ms="2506" started-at="2017-05-03T19:45:31Z" finished-at="2017-05-03T19:45:33Z">
          <reporter-output>
          </reporter-output>
        </test-method> <!-- close_sessions -->
      </class> <!-- ApachePOIReadData.DataProviderPOI -->
    </test> <!-- Default test -->
  </suite> <!-- Default suite -->
</testng-results>
